[debug] [2024-12-10T11:02:32.652Z] ----------------------------------------------------------------------
[debug] [2024-12-10T11:02:32.660Z] Command:       C:\Program Files\nodejs\node.exe C:\Users\Veera\AppData\Roaming\npm\node_modules\firebase-tools\lib\bin\firebase.js init
[debug] [2024-12-10T11:02:32.661Z] CLI Version:   13.28.0
[debug] [2024-12-10T11:02:32.661Z] Platform:      win32
[debug] [2024-12-10T11:02:32.661Z] Node Version:  v20.9.0
[debug] [2024-12-10T11:02:32.661Z] Time:          Tue Dec 10 2024 16:32:32 GMT+0530 (India Standard Time)
[debug] [2024-12-10T11:02:32.661Z] ----------------------------------------------------------------------
[debug] 
[debug] [2024-12-10T11:02:32.676Z] > command requires scopes: ["email","openid","https://www.googleapis.com/auth/cloudplatformprojects.readonly","https://www.googleapis.com/auth/firebase","https://www.googleapis.com/auth/cloud-platform"]
[debug] [2024-12-10T11:02:32.677Z] > authorizing via signed-in user (itsveer00@gmail.com)
[info] 
     ######## #### ########  ######## ########     ###     ######  ########
     ##        ##  ##     ## ##       ##     ##  ##   ##  ##       ##
     ######    ##  ########  ######   ########  #########  ######  ######
     ##        ##  ##    ##  ##       ##     ## ##     ##       ## ##
     ##       #### ##     ## ######## ########  ##     ##  ######  ########

You're about to initialize a Firebase project in this directory:

  C:\Projects\applink-backend

Before we get started, keep in mind:

  * You are currently outside your home directory

[info] 
=== Project Setup
[info] 
[info] First, let's associate this project directory with a Firebase project.
[info] You can create multiple project aliases by running firebase use --add, 
[info] but for now we'll just set up a default project.
[info] 
[debug] [2024-12-10T11:03:26.968Z] Checked if tokens are valid: false, expires at: 1714509348442
[debug] [2024-12-10T11:03:26.968Z] Checked if tokens are valid: false, expires at: 1714509348442
[debug] [2024-12-10T11:03:26.968Z] > refreshing access token with scopes: []
[debug] [2024-12-10T11:03:26.971Z] >>> [apiv2][query] POST https://www.googleapis.com/oauth2/v3/token [none]
[debug] [2024-12-10T11:03:26.971Z] >>> [apiv2][body] POST https://www.googleapis.com/oauth2/v3/token [omitted]
[debug] [2024-12-10T11:03:27.521Z] <<< [apiv2][status] POST https://www.googleapis.com/oauth2/v3/token 400
[debug] [2024-12-10T11:03:27.521Z] <<< [apiv2][body] POST https://www.googleapis.com/oauth2/v3/token [omitted]
[debug] [2024-12-10T11:03:27.523Z] >>> [apiv2][query] GET https://firebase.googleapis.com/v1beta1/projects pageSize=100
[debug] [2024-12-10T11:03:28.343Z] <<< [apiv2][status] GET https://firebase.googleapis.com/v1beta1/projects 401
[debug] [2024-12-10T11:03:28.343Z] <<< [apiv2][body] GET https://firebase.googleapis.com/v1beta1/projects [omitted]
[debug] [2024-12-10T11:03:28.344Z] Got a 401 Unauthenticated error for a call that required authentication. Refreshing tokens.
[debug] [2024-12-10T11:03:28.344Z] Checked if tokens are valid: false, expires at: 1714509348442
[debug] [2024-12-10T11:03:28.345Z] Checked if tokens are valid: false, expires at: 1714509348442
[debug] [2024-12-10T11:03:28.345Z] > refreshing access token with scopes: []
[debug] [2024-12-10T11:03:28.347Z] >>> [apiv2][query] POST https://www.googleapis.com/oauth2/v3/token [none]
[debug] [2024-12-10T11:03:28.347Z] >>> [apiv2][body] POST https://www.googleapis.com/oauth2/v3/token [omitted]
[debug] [2024-12-10T11:03:28.510Z] <<< [apiv2][status] POST https://www.googleapis.com/oauth2/v3/token 400
[debug] [2024-12-10T11:03:28.511Z] <<< [apiv2][body] POST https://www.googleapis.com/oauth2/v3/token [omitted]
[debug] [2024-12-10T11:03:28.512Z] Request to https://firebase.googleapis.com/v1beta1/projects?pageSize=100 had HTTP Error: 401, Request had invalid authentication credentials. Expected OAuth 2 access token, login cookie or other valid authentication credential. See https://developers.google.com/identity/sign-in/web/devconsole-project.
[debug] [2024-12-10T11:03:28.869Z] FirebaseError: Request to https://firebase.googleapis.com/v1beta1/projects?pageSize=100 had HTTP Error: 401, Request had invalid authentication credentials. Expected OAuth 2 access token, login cookie or other valid authentication credential. See https://developers.google.com/identity/sign-in/web/devconsole-project.
    at responseToError (C:\Users\Veera\AppData\Roaming\npm\node_modules\firebase-tools\lib\responseToError.js:52:12)
    at RetryOperation._fn (C:\Users\Veera\AppData\Roaming\npm\node_modules\firebase-tools\lib\apiv2.js:312:77)
    at process.processTicksAndRejections (node:internal/process/task_queues:95:5)
[error] 
[error] Error: Failed to list Firebase projects. See firebase-debug.log for more info.
[debug] [2024-12-10T11:04:18.941Z] ----------------------------------------------------------------------
[debug] [2024-12-10T11:04:18.945Z] Command:       C:\Program Files\nodejs\node.exe C:\Users\Veera\AppData\Roaming\npm\node_modules\firebase-tools\lib\bin\firebase.js init
[debug] [2024-12-10T11:04:18.946Z] CLI Version:   13.28.0
[debug] [2024-12-10T11:04:18.946Z] Platform:      win32
[debug] [2024-12-10T11:04:18.946Z] Node Version:  v20.9.0
[debug] [2024-12-10T11:04:18.946Z] Time:          Tue Dec 10 2024 16:34:18 GMT+0530 (India Standard Time)
[debug] [2024-12-10T11:04:18.946Z] ----------------------------------------------------------------------
[debug] 
[debug] [2024-12-10T11:04:18.956Z] > command requires scopes: ["email","openid","https://www.googleapis.com/auth/cloudplatformprojects.readonly","https://www.googleapis.com/auth/firebase","https://www.googleapis.com/auth/cloud-platform"]
[debug] [2024-12-10T11:04:18.956Z] > authorizing via signed-in user (itsveer00@gmail.com)
[info] 
     ######## #### ########  ######## ########     ###     ######  ########
     ##        ##  ##     ## ##       ##     ##  ##   ##  ##       ##
     ######    ##  ########  ######   ########  #########  ######  ######
     ##        ##  ##    ##  ##       ##     ## ##     ##       ## ##
     ##       #### ##     ## ######## ########  ##     ##  ######  ########

You're about to initialize a Firebase project in this directory:

  C:\Projects\applink-backend

Before we get started, keep in mind:

  * You are currently outside your home directory

[info] 
=== Project Setup
[info] 
[info] First, let's associate this project directory with a Firebase project.
[info] You can create multiple project aliases by running firebase use --add, 
[info] but for now we'll just set up a default project.
[info] 
[debug] [2024-12-10T11:04:27.860Z] Checked if tokens are valid: false, expires at: 1714509348442
[debug] [2024-12-10T11:04:27.860Z] Checked if tokens are valid: false, expires at: 1714509348442
[debug] [2024-12-10T11:04:27.861Z] > refreshing access token with scopes: []
[debug] [2024-12-10T11:04:27.864Z] >>> [apiv2][query] POST https://www.googleapis.com/oauth2/v3/token [none]
[debug] [2024-12-10T11:04:27.864Z] >>> [apiv2][body] POST https://www.googleapis.com/oauth2/v3/token [omitted]
[debug] [2024-12-10T11:04:28.364Z] <<< [apiv2][status] POST https://www.googleapis.com/oauth2/v3/token 400
[debug] [2024-12-10T11:04:28.364Z] <<< [apiv2][body] POST https://www.googleapis.com/oauth2/v3/token [omitted]
[debug] [2024-12-10T11:04:28.366Z] >>> [apiv2][query] GET https://firebase.googleapis.com/v1beta1/projects pageSize=100
[debug] [2024-12-10T11:04:29.067Z] <<< [apiv2][status] GET https://firebase.googleapis.com/v1beta1/projects 401
[debug] [2024-12-10T11:04:29.068Z] <<< [apiv2][body] GET https://firebase.googleapis.com/v1beta1/projects [omitted]
[debug] [2024-12-10T11:04:29.068Z] Got a 401 Unauthenticated error for a call that required authentication. Refreshing tokens.
[debug] [2024-12-10T11:04:29.069Z] Checked if tokens are valid: false, expires at: 1714509348442
[debug] [2024-12-10T11:04:29.069Z] Checked if tokens are valid: false, expires at: 1714509348442
[debug] [2024-12-10T11:04:29.069Z] > refreshing access token with scopes: []
[debug] [2024-12-10T11:04:29.070Z] >>> [apiv2][query] POST https://www.googleapis.com/oauth2/v3/token [none]
[debug] [2024-12-10T11:04:29.071Z] >>> [apiv2][body] POST https://www.googleapis.com/oauth2/v3/token [omitted]
[debug] [2024-12-10T11:04:29.235Z] <<< [apiv2][status] POST https://www.googleapis.com/oauth2/v3/token 400
[debug] [2024-12-10T11:04:29.235Z] <<< [apiv2][body] POST https://www.googleapis.com/oauth2/v3/token [omitted]
[debug] [2024-12-10T11:04:29.236Z] Request to https://firebase.googleapis.com/v1beta1/projects?pageSize=100 had HTTP Error: 401, Request had invalid authentication credentials. Expected OAuth 2 access token, login cookie or other valid authentication credential. See https://developers.google.com/identity/sign-in/web/devconsole-project.
[debug] [2024-12-10T11:04:29.623Z] FirebaseError: Request to https://firebase.googleapis.com/v1beta1/projects?pageSize=100 had HTTP Error: 401, Request had invalid authentication credentials. Expected OAuth 2 access token, login cookie or other valid authentication credential. See https://developers.google.com/identity/sign-in/web/devconsole-project.
    at responseToError (C:\Users\Veera\AppData\Roaming\npm\node_modules\firebase-tools\lib\responseToError.js:52:12)
    at RetryOperation._fn (C:\Users\Veera\AppData\Roaming\npm\node_modules\firebase-tools\lib\apiv2.js:312:77)
    at process.processTicksAndRejections (node:internal/process/task_queues:95:5)
[error] 
[error] Error: Failed to list Firebase projects. See firebase-debug.log for more info.
